\BOOKMARK [1][-]{section.1}{Objectives}{}
\BOOKMARK [2][-]{subsection.1.1}{The supported sensor-platform}{section.1}
\BOOKMARK [1][-]{section.2}{Architecture}{}
\BOOKMARK [2][-]{subsection.2.1}{Overview}{section.2}
\BOOKMARK [2][-]{subsection.2.2}{Data model}{section.2}
\BOOKMARK [1][-]{section.3}{Implemention}{}
\BOOKMARK [2][-]{subsection.3.1}{Activities}{section.3}
\BOOKMARK [3][-]{subsubsection.3.1.1}{Main}{subsection.3.1}
\BOOKMARK [3][-]{subsubsection.3.1.2}{Choose Platform}{subsection.3.1}
\BOOKMARK [3][-]{subsubsection.3.1.3}{Change Platform}{subsection.3.1}
\BOOKMARK [3][-]{subsubsection.3.1.4}{Choose Period}{subsection.3.1}
\BOOKMARK [3][-]{subsubsection.3.1.5}{Plot data}{subsection.3.1}
\BOOKMARK [3][-]{subsubsection.3.1.6}{Database}{subsection.3.1}
\BOOKMARK [2][-]{subsection.3.2}{Data service}{section.3}
\BOOKMARK [3][-]{subsubsection.3.2.1}{Handling incoming messages}{subsection.3.2}
\BOOKMARK [3][-]{subsubsection.3.2.2}{Binding - Offering methods}{subsection.3.2}
\BOOKMARK [3][-]{subsubsection.3.2.3}{Saving the current state}{subsection.3.2}
\BOOKMARK [2][-]{subsection.3.3}{Database}{section.3}
\BOOKMARK [2][-]{subsection.3.4}{Plotting}{section.3}
\BOOKMARK [2][-]{subsection.3.5}{Thread safety}{section.3}
\BOOKMARK [3][-]{subsubsection.3.5.1}{Accessing the database}{subsection.3.5}
\BOOKMARK [1][-]{section.4}{Debugging}{}
\BOOKMARK [1][-]{section.5}{Testing}{}
\BOOKMARK [2][-]{subsection.5.1}{ and on-device}{section.5}
\BOOKMARK [2][-]{subsection.5.2}{database benchmarks}{section.5}
\BOOKMARK [1][-]{section.6}{Risks}{}
\BOOKMARK [1][-]{section.7}{Future Tasks}{}
\BOOKMARK [1][-]{section.8}{Links}{}
